#! /c/Source/iverilog-install/bin/vvp
:ivl_version "12.0 (devel)" "(s20150603-1110-g18392a46)";
:ivl_delay_selection "TYPICAL";
:vpi_time_precision - 12;
:vpi_module "C:\iverilog\lib\ivl\system.vpi";
:vpi_module "C:\iverilog\lib\ivl\vhdl_sys.vpi";
:vpi_module "C:\iverilog\lib\ivl\vhdl_textio.vpi";
:vpi_module "C:\iverilog\lib\ivl\v2005_math.vpi";
:vpi_module "C:\iverilog\lib\ivl\va_math.vpi";
S_000002321a312850 .scope module, "buttonControl" "buttonControl" 2 2;
 .timescale -9 -12;
    .port_info 0 /INPUT 1 "clock";
    .port_info 1 /INPUT 1 "reset";
    .port_info 2 /INPUT 1 "button";
    .port_info 3 /OUTPUT 1 "valid_vote";
o000002321a346f98 .functor BUFZ 1, C4<z>; HiZ drive
v000002321a2beed0_0 .net "button", 0 0, o000002321a346f98;  0 drivers
o000002321a346fc8 .functor BUFZ 1, C4<z>; HiZ drive
v000002321a2bbd00_0 .net "clock", 0 0, o000002321a346fc8;  0 drivers
v000002321a2bbda0_0 .var "counter", 30 0;
o000002321a347028 .functor BUFZ 1, C4<z>; HiZ drive
v000002321a2bbe40_0 .net "reset", 0 0, o000002321a347028;  0 drivers
v000002321a3129e0_0 .var "valid_vote", 0 0;
E_000002321a2bcd10 .event posedge, v000002321a2bbd00_0;
    .scope S_000002321a312850;
T_0 ;
    %wait E_000002321a2bcd10;
    %load/vec4 v000002321a2bbe40_0;
    %flag_set/vec4 8;
    %jmp/0xz  T_0.0, 8;
    %pushi/vec4 0, 0, 31;
    %assign/vec4 v000002321a2bbda0_0, 0;
    %jmp T_0.1;
T_0.0 ;
    %load/vec4 v000002321a2beed0_0;
    %load/vec4 v000002321a2bbda0_0;
    %pad/u 32;
    %cmpi/u 100000001, 0, 32;
    %flag_get/vec4 5;
    %and;
    %flag_set/vec4 8;
    %jmp/0xz  T_0.2, 8;
    %load/vec4 v000002321a2bbda0_0;
    %addi 1, 0, 31;
    %assign/vec4 v000002321a2bbda0_0, 0;
    %jmp T_0.3;
T_0.2 ;
    %load/vec4 v000002321a2beed0_0;
    %nor/r;
    %flag_set/vec4 8;
    %jmp/0xz  T_0.4, 8;
    %pushi/vec4 0, 0, 31;
    %assign/vec4 v000002321a2bbda0_0, 0;
T_0.4 ;
T_0.3 ;
T_0.1 ;
    %jmp T_0;
    .thread T_0;
    .scope S_000002321a312850;
T_1 ;
    %wait E_000002321a2bcd10;
    %load/vec4 v000002321a2bbe40_0;
    %flag_set/vec4 8;
    %jmp/0xz  T_1.0, 8;
    %pushi/vec4 0, 0, 1;
    %assign/vec4 v000002321a3129e0_0, 0;
    %jmp T_1.1;
T_1.0 ;
    %load/vec4 v000002321a2bbda0_0;
    %pad/u 32;
    %cmpi/e 100000000, 0, 32;
    %jmp/0xz  T_1.2, 4;
    %pushi/vec4 1, 0, 1;
    %assign/vec4 v000002321a3129e0_0, 0;
    %jmp T_1.3;
T_1.2 ;
    %pushi/vec4 0, 0, 1;
    %assign/vec4 v000002321a3129e0_0, 0;
T_1.3 ;
T_1.1 ;
    %jmp T_1;
    .thread T_1;
# The file index is used to find the file name in the following table.
:file_names 3;
    "N/A";
    "<interactive>";
    "buttonControl.V";
