#! /c/Source/iverilog-install/bin/vvp
:ivl_version "12.0 (devel)" "(s20150603-1110-g18392a46)";
:ivl_delay_selection "TYPICAL";
:vpi_time_precision - 12;
:vpi_module "C:\iverilog\lib\ivl\system.vpi";
:vpi_module "C:\iverilog\lib\ivl\vhdl_sys.vpi";
:vpi_module "C:\iverilog\lib\ivl\vhdl_textio.vpi";
:vpi_module "C:\iverilog\lib\ivl\v2005_math.vpi";
:vpi_module "C:\iverilog\lib\ivl\va_math.vpi";
S_000001aa2cfb2850 .scope module, "modeControl" "modeControl" 2 3;
 .timescale -9 -12;
    .port_info 0 /INPUT 1 "clock";
    .port_info 1 /INPUT 1 "reset";
    .port_info 2 /INPUT 1 "mode";
    .port_info 3 /INPUT 1 "valid_vote_casted";
    .port_info 4 /INPUT 8 "candidate1_vote";
    .port_info 5 /INPUT 8 "candidate2_vote";
    .port_info 6 /INPUT 8 "candidate3_vote";
    .port_info 7 /INPUT 8 "candidate4_vote";
    .port_info 8 /INPUT 1 "candidate1_button_press";
    .port_info 9 /INPUT 1 "candidate2_button_press";
    .port_info 10 /INPUT 1 "candidate3_button_press";
    .port_info 11 /INPUT 1 "candidate4_button_press";
    .port_info 12 /OUTPUT 8 "leds";
o000001aa2cfeafd8 .functor BUFZ 1, C4<z>; HiZ drive
v000001aa2cf5a760_0 .net "candidate1_button_press", 0 0, o000001aa2cfeafd8;  0 drivers
o000001aa2cfeb008 .functor BUFZ 8, C4<zzzzzzzz>; HiZ drive
v000001aa2cfb2e10_0 .net "candidate1_vote", 7 0, o000001aa2cfeb008;  0 drivers
o000001aa2cfeb038 .functor BUFZ 1, C4<z>; HiZ drive
v000001aa2cfb2ac0_0 .net "candidate2_button_press", 0 0, o000001aa2cfeb038;  0 drivers
o000001aa2cfeb068 .functor BUFZ 8, C4<zzzzzzzz>; HiZ drive
v000001aa2cfb2b60_0 .net "candidate2_vote", 7 0, o000001aa2cfeb068;  0 drivers
o000001aa2cfeb098 .functor BUFZ 1, C4<z>; HiZ drive
v000001aa2cf5bcb0_0 .net "candidate3_button_press", 0 0, o000001aa2cfeb098;  0 drivers
o000001aa2cfeb0c8 .functor BUFZ 8, C4<zzzzzzzz>; HiZ drive
v000001aa2cf5bd50_0 .net "candidate3_vote", 7 0, o000001aa2cfeb0c8;  0 drivers
o000001aa2cfeb0f8 .functor BUFZ 1, C4<z>; HiZ drive
v000001aa2cf5bdf0_0 .net "candidate4_button_press", 0 0, o000001aa2cfeb0f8;  0 drivers
o000001aa2cfeb128 .functor BUFZ 8, C4<zzzzzzzz>; HiZ drive
v000001aa2cf5be90_0 .net "candidate4_vote", 7 0, o000001aa2cfeb128;  0 drivers
o000001aa2cfeb158 .functor BUFZ 1, C4<z>; HiZ drive
v000001aa2d02f840_0 .net "clock", 0 0, o000001aa2cfeb158;  0 drivers
v000001aa2d02f8e0_0 .var "counter", 30 0;
v000001aa2d02f980_0 .var "leds", 7 0;
o000001aa2cfeb1e8 .functor BUFZ 1, C4<z>; HiZ drive
v000001aa2d02fa20_0 .net "mode", 0 0, o000001aa2cfeb1e8;  0 drivers
o000001aa2cfeb218 .functor BUFZ 1, C4<z>; HiZ drive
v000001aa2d02fac0_0 .net "reset", 0 0, o000001aa2cfeb218;  0 drivers
o000001aa2cfeb248 .functor BUFZ 1, C4<z>; HiZ drive
v000001aa2d02fb60_0 .net "valid_vote_casted", 0 0, o000001aa2cfeb248;  0 drivers
E_000001aa2cfe8830 .event posedge, v000001aa2d02f840_0;
    .scope S_000001aa2cfb2850;
T_0 ;
    %wait E_000001aa2cfe8830;
    %load/vec4 v000001aa2d02fac0_0;
    %flag_set/vec4 8;
    %jmp/0xz  T_0.0, 8;
    %pushi/vec4 0, 0, 31;
    %assign/vec4 v000001aa2d02f8e0_0, 0;
    %jmp T_0.1;
T_0.0 ;
    %load/vec4 v000001aa2d02fb60_0;
    %flag_set/vec4 8;
    %jmp/0xz  T_0.2, 8;
    %load/vec4 v000001aa2d02f8e0_0;
    %addi 1, 0, 31;
    %assign/vec4 v000001aa2d02f8e0_0, 0;
    %jmp T_0.3;
T_0.2 ;
    %load/vec4 v000001aa2d02f8e0_0;
    %pad/u 32;
    %pushi/vec4 0, 0, 32;
    %cmp/ne;
    %flag_get/vec4 4;
    %load/vec4 v000001aa2d02f8e0_0;
    %pad/u 32;
    %cmpi/u 100000000, 0, 32;
    %flag_get/vec4 5;
    %and;
    %flag_set/vec4 8;
    %jmp/0xz  T_0.4, 8;
    %load/vec4 v000001aa2d02f8e0_0;
    %addi 1, 0, 31;
    %assign/vec4 v000001aa2d02f8e0_0, 0;
    %jmp T_0.5;
T_0.4 ;
    %pushi/vec4 0, 0, 31;
    %assign/vec4 v000001aa2d02f8e0_0, 0;
T_0.5 ;
T_0.3 ;
T_0.1 ;
    %jmp T_0;
    .thread T_0;
    .scope S_000001aa2cfb2850;
T_1 ;
    %wait E_000001aa2cfe8830;
    %load/vec4 v000001aa2d02fac0_0;
    %flag_set/vec4 8;
    %jmp/0xz  T_1.0, 8;
    %pushi/vec4 0, 0, 8;
    %assign/vec4 v000001aa2d02f980_0, 0;
    %jmp T_1.1;
T_1.0 ;
    %load/vec4 v000001aa2d02fa20_0;
    %pad/u 32;
    %pushi/vec4 0, 0, 32;
    %cmp/e;
    %flag_get/vec4 4;
    %pushi/vec4 0, 0, 32;
    %load/vec4 v000001aa2d02f8e0_0;
    %pad/u 32;
    %cmp/u;
    %flag_get/vec4 5;
    %and;
    %flag_set/vec4 8;
    %jmp/0xz  T_1.2, 8;
    %pushi/vec4 255, 0, 8;
    %assign/vec4 v000001aa2d02f980_0, 0;
    %jmp T_1.3;
T_1.2 ;
    %load/vec4 v000001aa2d02fa20_0;
    %pad/u 32;
    %cmpi/e 0, 0, 32;
    %jmp/0xz  T_1.4, 4;
    %pushi/vec4 0, 0, 8;
    %assign/vec4 v000001aa2d02f980_0, 0;
    %jmp T_1.5;
T_1.4 ;
    %load/vec4 v000001aa2d02fa20_0;
    %pad/u 32;
    %cmpi/e 1, 0, 32;
    %jmp/0xz  T_1.6, 4;
    %load/vec4 v000001aa2cf5a760_0;
    %flag_set/vec4 8;
    %jmp/0xz  T_1.8, 8;
    %load/vec4 v000001aa2cfb2e10_0;
    %assign/vec4 v000001aa2d02f980_0, 0;
    %jmp T_1.9;
T_1.8 ;
    %load/vec4 v000001aa2cfb2ac0_0;
    %flag_set/vec4 8;
    %jmp/0xz  T_1.10, 8;
    %load/vec4 v000001aa2cfb2b60_0;
    %assign/vec4 v000001aa2d02f980_0, 0;
    %jmp T_1.11;
T_1.10 ;
    %load/vec4 v000001aa2cf5bcb0_0;
    %flag_set/vec4 8;
    %jmp/0xz  T_1.12, 8;
    %load/vec4 v000001aa2cf5bd50_0;
    %assign/vec4 v000001aa2d02f980_0, 0;
    %jmp T_1.13;
T_1.12 ;
    %load/vec4 v000001aa2cf5bdf0_0;
    %flag_set/vec4 8;
    %jmp/0xz  T_1.14, 8;
    %load/vec4 v000001aa2cf5be90_0;
    %assign/vec4 v000001aa2d02f980_0, 0;
T_1.14 ;
T_1.13 ;
T_1.11 ;
T_1.9 ;
T_1.6 ;
T_1.5 ;
T_1.3 ;
T_1.1 ;
    %jmp T_1;
    .thread T_1;
# The file index is used to find the file name in the following table.
:file_names 3;
    "N/A";
    "<interactive>";
    "modeControl.v";
